[debug] [2021-10-16T11:15:09.379Z] ----------------------------------------------------------------------
[debug] [2021-10-16T11:15:09.388Z] Command:       C:\Program Files\nodejs\node.exe C:\Users\Hp\AppData\Roaming\npm\node_modules\firebase-tools\lib\bin\firebase.js init
[debug] [2021-10-16T11:15:09.397Z] CLI Version:   9.20.0
[debug] [2021-10-16T11:15:09.398Z] Platform:      win32
[debug] [2021-10-16T11:15:09.398Z] Node Version:  v14.17.1
[debug] [2021-10-16T11:15:09.402Z] Time:          Sat Oct 16 2021 17:15:09 GMT+0600 (Bangladesh Standard Time)
[debug] [2021-10-16T11:15:09.403Z] ----------------------------------------------------------------------
[debug] 
[debug] [2021-10-16T11:15:09.435Z] > command requires scopes: ["email","openid","https://www.googleapis.com/auth/cloudplatformprojects.readonly","https://www.googleapis.com/auth/firebase","https://www.googleapis.com/auth/cloud-platform"]
[debug] [2021-10-16T11:15:09.435Z] > authorizing via signed-in user (mehjabin.johra00@gmail.com)
[info] 
     ######## #### ########  ######## ########     ###     ######  ########
     ##        ##  ##     ## ##       ##     ##  ##   ##  ##       ##
     ######    ##  ########  ######   ########  #########  ######  ######
     ##        ##  ##    ##  ##       ##     ## ##     ##       ## ##
     ##       #### ##     ## ######## ########  ##     ##  ######  ########

You're about to initialize a Firebase project in this directory:

  C:\Users\Hp\Desktop\WebHero_Projects\REACT\simple-react\responsive-react-app

[debug] [2021-10-16T11:16:11.333Z] ----------------------------------------------------------------------
[debug] [2021-10-16T11:16:11.336Z] Command:       C:\Program Files\nodejs\node.exe C:\Users\Hp\AppData\Roaming\npm\node_modules\firebase-tools\lib\bin\firebase.js init
[debug] [2021-10-16T11:16:11.337Z] CLI Version:   9.20.0
[debug] [2021-10-16T11:16:11.337Z] Platform:      win32
[debug] [2021-10-16T11:16:11.337Z] Node Version:  v14.17.1
[debug] [2021-10-16T11:16:11.338Z] Time:          Sat Oct 16 2021 17:16:11 GMT+0600 (Bangladesh Standard Time)
[debug] [2021-10-16T11:16:11.339Z] ----------------------------------------------------------------------
[debug] 
[debug] [2021-10-16T11:16:11.349Z] > command requires scopes: ["email","openid","https://www.googleapis.com/auth/cloudplatformprojects.readonly","https://www.googleapis.com/auth/firebase","https://www.googleapis.com/auth/cloud-platform"]
[debug] [2021-10-16T11:16:11.349Z] > authorizing via signed-in user (mehjabin.johra00@gmail.com)
[info] 
     ######## #### ########  ######## ########     ###     ######  ########
     ##        ##  ##     ## ##       ##     ##  ##   ##  ##       ##
     ######    ##  ########  ######   ########  #########  ######  ######
     ##        ##  ##    ##  ##       ##     ## ##     ##       ## ##
     ##       #### ##     ## ######## ########  ##     ##  ######  ########

You're about to initialize a Firebase project in this directory:

  C:\Users\Hp\Desktop\WebHero_Projects\REACT\simple-react\responsive-react-app

